<?xml version="1.0" encoding="UTF-8"?>
<testng-results skipped="0" failed="0" ignored="0" total="1" passed="1">
  <reporter-output>
  </reporter-output>
  <suite name="Default suite" duration-ms="13728" started-at="2018-01-09T16:25:24Z" finished-at="2018-01-09T16:25:38Z">
    <groups>
    </groups>
    <test name="Default test" duration-ms="13728" started-at="2018-01-09T16:25:24Z" finished-at="2018-01-09T16:25:38Z">
      <class name="AllElements">
        <test-method status="PASS" signature="beforeSuite()[pri:0, instance:AllElements@643b1d11]" name="beforeSuite" is-config="true" duration-ms="11" started-at="2018-01-09T21:55:24Z" finished-at="2018-01-09T21:55:24Z">
          <reporter-output>
          </reporter-output>
        </test-method> <!-- beforeSuite -->
        <test-method status="PASS" signature="Elements()[pri:0, instance:AllElements@643b1d11]" name="Elements" duration-ms="13707" started-at="2018-01-09T21:55:24Z" finished-at="2018-01-09T21:55:38Z">
          <reporter-output>
          </reporter-output>
        </test-method> <!-- Elements -->
        <test-method status="PASS" signature="beforeMethod()[pri:0, instance:AllElements@643b1d11]" name="beforeMethod" is-config="true" duration-ms="0" started-at="2018-01-09T21:55:24Z" finished-at="2018-01-09T21:55:24Z">
          <reporter-output>
          </reporter-output>
        </test-method> <!-- beforeMethod -->
        <test-method status="PASS" signature="afterMethod()[pri:0, instance:AllElements@643b1d11]" name="afterMethod" is-config="true" duration-ms="1" started-at="2018-01-09T21:55:38Z" finished-at="2018-01-09T21:55:38Z">
          <reporter-output>
          </reporter-output>
        </test-method> <!-- afterMethod -->
        <test-method status="PASS" signature="afterSuite()[pri:0, instance:AllElements@643b1d11]" name="afterSuite" is-config="true" duration-ms="2" started-at="2018-01-09T21:55:38Z" finished-at="2018-01-09T21:55:38Z">
          <reporter-output>
          </reporter-output>
        </test-method> <!-- afterSuite -->
      </class> <!-- AllElements -->
    </test> <!-- Default test -->
  </suite> <!-- Default suite -->
</testng-results>
